[2026-02-24T14:21:50.127+0000] {taskinstance.py:1956} INFO - Dependencies all met for dep_context=non-requeueable deps ti=<TaskInstance: etl_books_pipeline.scraper_books manual__2026-02-24T14:16:46.935570+00:00 [queued]>
[2026-02-24T14:21:50.160+0000] {taskinstance.py:1956} INFO - Dependencies all met for dep_context=requeueable deps ti=<TaskInstance: etl_books_pipeline.scraper_books manual__2026-02-24T14:16:46.935570+00:00 [queued]>
[2026-02-24T14:21:50.161+0000] {taskinstance.py:2170} INFO - Starting attempt 2 of 4
[2026-02-24T14:21:50.199+0000] {taskinstance.py:2191} INFO - Executing <Task(PythonOperator): scraper_books> on 2026-02-24 14:16:46.935570+00:00
[2026-02-24T14:21:50.206+0000] {standard_task_runner.py:60} INFO - Started process 7172 to run task
[2026-02-24T14:21:50.214+0000] {standard_task_runner.py:87} INFO - Running: ['***', 'tasks', 'run', 'etl_books_pipeline', 'scraper_books', 'manual__2026-02-24T14:16:46.935570+00:00', '--job-id', '34', '--raw', '--subdir', 'DAGS_FOLDER/etl_pipeline.py', '--cfg-path', '/tmp/tmpu73_m71j']
[2026-02-24T14:21:50.217+0000] {standard_task_runner.py:88} INFO - Job 34: Subtask scraper_books
[2026-02-24T14:21:50.318+0000] {task_command.py:423} INFO - Running <TaskInstance: etl_books_pipeline.scraper_books manual__2026-02-24T14:16:46.935570+00:00 [running]> on host b6063be8d0e5
[2026-02-24T14:21:50.458+0000] {taskinstance.py:2480} INFO - Exporting env vars: AIRFLOW_CTX_DAG_OWNER='data_engineer_tanguy' AIRFLOW_CTX_DAG_ID='etl_books_pipeline' AIRFLOW_CTX_TASK_ID='scraper_books' AIRFLOW_CTX_EXECUTION_DATE='2026-02-24T14:16:46.935570+00:00' AIRFLOW_CTX_TRY_NUMBER='2' AIRFLOW_CTX_DAG_RUN_ID='manual__2026-02-24T14:16:46.935570+00:00'
[2026-02-24T14:21:50.540+0000] {taskinstance.py:2698} ERROR - Task failed with exception
Traceback (most recent call last):
  File "/home/airflow/.local/lib/python3.8/site-packages/airflow/models/taskinstance.py", line 433, in _execute_task
    result = execute_callable(context=context, **execute_callable_kwargs)
  File "/home/airflow/.local/lib/python3.8/site-packages/airflow/operators/python.py", line 199, in execute
    return_value = self.execute_callable()
  File "/home/airflow/.local/lib/python3.8/site-packages/airflow/operators/python.py", line 216, in execute_callable
    return self.python_callable(*self.op_args, **self.op_kwargs)
  File "/opt/airflow/dags/etl_pipeline.py", line 26, in run_scraper
    subprocess.run(["python3", "/home/hp/projet-data-eng/extractors/extractors.scrapers_books.py"], check=True)
  File "/usr/local/lib/python3.8/subprocess.py", line 516, in run
    raise CalledProcessError(retcode, process.args,
subprocess.CalledProcessError: Command '['python3', '/home/hp/projet-data-eng/extractors/extractors.scrapers_books.py']' returned non-zero exit status 2.
[2026-02-24T14:21:50.567+0000] {taskinstance.py:1138} INFO - Marking task as UP_FOR_RETRY. dag_id=etl_books_pipeline, task_id=scraper_books, execution_date=20260224T141646, start_date=20260224T142150, end_date=20260224T142150
[2026-02-24T14:21:50.583+0000] {standard_task_runner.py:107} ERROR - Failed to execute job 34 for task scraper_books (Command '['python3', '/home/hp/projet-data-eng/extractors/extractors.scrapers_books.py']' returned non-zero exit status 2.; 7172)
[2026-02-24T14:21:50.628+0000] {local_task_job_runner.py:234} INFO - Task exited with return code 1
[2026-02-24T14:21:50.661+0000] {taskinstance.py:3280} INFO - 0 downstream tasks scheduled from follow-on schedule check
