[2026-03-30T08:06:52.146+0000] {taskinstance.py:1956} INFO - Dependencies all met for dep_context=non-requeueable deps ti=<TaskInstance: etl_books_pipeline.csv_reader manual__2026-03-30T08:06:50.687491+00:00 [queued]>
[2026-03-30T08:06:52.166+0000] {taskinstance.py:1956} INFO - Dependencies all met for dep_context=requeueable deps ti=<TaskInstance: etl_books_pipeline.csv_reader manual__2026-03-30T08:06:50.687491+00:00 [queued]>
[2026-03-30T08:06:52.167+0000] {taskinstance.py:2170} INFO - Starting attempt 1 of 4
[2026-03-30T08:06:52.199+0000] {taskinstance.py:2191} INFO - Executing <Task(PythonOperator): csv_reader> on 2026-03-30 08:06:50.687491+00:00
[2026-03-30T08:06:52.210+0000] {standard_task_runner.py:60} INFO - Started process 605 to run task
[2026-03-30T08:06:52.219+0000] {standard_task_runner.py:87} INFO - Running: ['***', 'tasks', 'run', 'etl_books_pipeline', 'csv_reader', 'manual__2026-03-30T08:06:50.687491+00:00', '--job-id', '57', '--raw', '--subdir', 'DAGS_FOLDER/etl_pipeline.py', '--cfg-path', '/tmp/tmpmk654xho']
[2026-03-30T08:06:52.227+0000] {standard_task_runner.py:88} INFO - Job 57: Subtask csv_reader
[2026-03-30T08:06:52.394+0000] {task_command.py:423} INFO - Running <TaskInstance: etl_books_pipeline.csv_reader manual__2026-03-30T08:06:50.687491+00:00 [running]> on host 1d677be0a8de
[2026-03-30T08:06:52.658+0000] {taskinstance.py:2480} INFO - Exporting env vars: AIRFLOW_CTX_DAG_OWNER='data_engineer_tanguy' AIRFLOW_CTX_DAG_ID='etl_books_pipeline' AIRFLOW_CTX_TASK_ID='csv_reader' AIRFLOW_CTX_EXECUTION_DATE='2026-03-30T08:06:50.687491+00:00' AIRFLOW_CTX_TRY_NUMBER='1' AIRFLOW_CTX_DAG_RUN_ID='manual__2026-03-30T08:06:50.687491+00:00'
[2026-03-30T08:06:52.732+0000] {taskinstance.py:2698} ERROR - Task failed with exception
Traceback (most recent call last):
  File "/home/airflow/.local/lib/python3.8/site-packages/airflow/models/taskinstance.py", line 433, in _execute_task
    result = execute_callable(context=context, **execute_callable_kwargs)
  File "/home/airflow/.local/lib/python3.8/site-packages/airflow/operators/python.py", line 199, in execute
    return_value = self.execute_callable()
  File "/home/airflow/.local/lib/python3.8/site-packages/airflow/operators/python.py", line 216, in execute_callable
    return self.python_callable(*self.op_args, **self.op_kwargs)
  File "/opt/airflow/dags/etl_pipeline.py", line 29, in run_csv_reader
    subprocess.run(["python3", "/home/hp/projet-data-eng/extractors/csv_reader.py"], check=True)
  File "/usr/local/lib/python3.8/subprocess.py", line 516, in run
    raise CalledProcessError(retcode, process.args,
subprocess.CalledProcessError: Command '['python3', '/home/hp/projet-data-eng/extractors/csv_reader.py']' returned non-zero exit status 2.
[2026-03-30T08:06:52.758+0000] {taskinstance.py:1138} INFO - Marking task as UP_FOR_RETRY. dag_id=etl_books_pipeline, task_id=csv_reader, execution_date=20260330T080650, start_date=20260330T080652, end_date=20260330T080652
[2026-03-30T08:06:52.790+0000] {standard_task_runner.py:107} ERROR - Failed to execute job 57 for task csv_reader (Command '['python3', '/home/hp/projet-data-eng/extractors/csv_reader.py']' returned non-zero exit status 2.; 605)
[2026-03-30T08:06:52.839+0000] {local_task_job_runner.py:234} INFO - Task exited with return code 1
[2026-03-30T08:06:52.938+0000] {taskinstance.py:3280} INFO - 0 downstream tasks scheduled from follow-on schedule check
