[2026-03-30T08:16:44.841+0000] {taskinstance.py:1956} INFO - Dependencies all met for dep_context=non-requeueable deps ti=<TaskInstance: etl_books_pipeline.scraper_books manual__2026-03-30T08:06:40.007274+00:00 [queued]>
[2026-03-30T08:16:44.850+0000] {taskinstance.py:1956} INFO - Dependencies all met for dep_context=requeueable deps ti=<TaskInstance: etl_books_pipeline.scraper_books manual__2026-03-30T08:06:40.007274+00:00 [queued]>
[2026-03-30T08:16:44.851+0000] {taskinstance.py:2170} INFO - Starting attempt 3 of 4
[2026-03-30T08:16:44.871+0000] {taskinstance.py:2191} INFO - Executing <Task(PythonOperator): scraper_books> on 2026-03-30 08:06:40.007274+00:00
[2026-03-30T08:16:44.876+0000] {standard_task_runner.py:60} INFO - Started process 729 to run task
[2026-03-30T08:16:44.880+0000] {standard_task_runner.py:87} INFO - Running: ['***', 'tasks', 'run', 'etl_books_pipeline', 'scraper_books', 'manual__2026-03-30T08:06:40.007274+00:00', '--job-id', '68', '--raw', '--subdir', 'DAGS_FOLDER/etl_pipeline.py', '--cfg-path', '/tmp/tmp2hj4d795']
[2026-03-30T08:16:44.882+0000] {standard_task_runner.py:88} INFO - Job 68: Subtask scraper_books
[2026-03-30T08:16:44.953+0000] {task_command.py:423} INFO - Running <TaskInstance: etl_books_pipeline.scraper_books manual__2026-03-30T08:06:40.007274+00:00 [running]> on host 1d677be0a8de
[2026-03-30T08:16:45.068+0000] {taskinstance.py:2480} INFO - Exporting env vars: AIRFLOW_CTX_DAG_OWNER='data_engineer_tanguy' AIRFLOW_CTX_DAG_ID='etl_books_pipeline' AIRFLOW_CTX_TASK_ID='scraper_books' AIRFLOW_CTX_EXECUTION_DATE='2026-03-30T08:06:40.007274+00:00' AIRFLOW_CTX_TRY_NUMBER='3' AIRFLOW_CTX_DAG_RUN_ID='manual__2026-03-30T08:06:40.007274+00:00'
[2026-03-30T08:16:45.105+0000] {taskinstance.py:2698} ERROR - Task failed with exception
Traceback (most recent call last):
  File "/home/airflow/.local/lib/python3.8/site-packages/airflow/models/taskinstance.py", line 433, in _execute_task
    result = execute_callable(context=context, **execute_callable_kwargs)
  File "/home/airflow/.local/lib/python3.8/site-packages/airflow/operators/python.py", line 199, in execute
    return_value = self.execute_callable()
  File "/home/airflow/.local/lib/python3.8/site-packages/airflow/operators/python.py", line 216, in execute_callable
    return self.python_callable(*self.op_args, **self.op_kwargs)
  File "/opt/airflow/dags/etl_pipeline.py", line 26, in run_scraper
    subprocess.run(["python3", "/home/hp/projet-data-eng/extractors/extractors.scrapers_books.py"], check=True)
  File "/usr/local/lib/python3.8/subprocess.py", line 516, in run
    raise CalledProcessError(retcode, process.args,
subprocess.CalledProcessError: Command '['python3', '/home/hp/projet-data-eng/extractors/extractors.scrapers_books.py']' returned non-zero exit status 2.
[2026-03-30T08:16:45.123+0000] {taskinstance.py:1138} INFO - Marking task as UP_FOR_RETRY. dag_id=etl_books_pipeline, task_id=scraper_books, execution_date=20260330T080640, start_date=20260330T081644, end_date=20260330T081645
[2026-03-30T08:16:45.136+0000] {standard_task_runner.py:107} ERROR - Failed to execute job 68 for task scraper_books (Command '['python3', '/home/hp/projet-data-eng/extractors/extractors.scrapers_books.py']' returned non-zero exit status 2.; 729)
[2026-03-30T08:16:45.173+0000] {local_task_job_runner.py:234} INFO - Task exited with return code 1
[2026-03-30T08:16:45.212+0000] {taskinstance.py:3280} INFO - 0 downstream tasks scheduled from follow-on schedule check
