[2026-03-31T09:10:04.735+0000] {taskinstance.py:1956} INFO - Dependencies all met for dep_context=non-requeueable deps ti=<TaskInstance: etl_books_pipeline.sql_reader scheduled__2026-03-30T09:00:00+00:00 [queued]>
[2026-03-31T09:10:04.744+0000] {taskinstance.py:1956} INFO - Dependencies all met for dep_context=requeueable deps ti=<TaskInstance: etl_books_pipeline.sql_reader scheduled__2026-03-30T09:00:00+00:00 [queued]>
[2026-03-31T09:10:04.745+0000] {taskinstance.py:2170} INFO - Starting attempt 3 of 4
[2026-03-31T09:10:04.767+0000] {taskinstance.py:2191} INFO - Executing <Task(PythonOperator): sql_reader> on 2026-03-30 09:00:00+00:00
[2026-03-31T09:10:04.773+0000] {standard_task_runner.py:60} INFO - Started process 1907 to run task
[2026-03-31T09:10:04.778+0000] {standard_task_runner.py:87} INFO - Running: ['***', 'tasks', 'run', 'etl_books_pipeline', 'sql_reader', 'scheduled__2026-03-30T09:00:00+00:00', '--job-id', '134', '--raw', '--subdir', 'DAGS_FOLDER/etl_pipeline.py', '--cfg-path', '/tmp/tmpgvzdjnd7']
[2026-03-31T09:10:04.782+0000] {standard_task_runner.py:88} INFO - Job 134: Subtask sql_reader
[2026-03-31T09:10:04.874+0000] {task_command.py:423} INFO - Running <TaskInstance: etl_books_pipeline.sql_reader scheduled__2026-03-30T09:00:00+00:00 [running]> on host 2b4a22529f6a
[2026-03-31T09:10:05.009+0000] {taskinstance.py:2480} INFO - Exporting env vars: AIRFLOW_CTX_DAG_OWNER='data_engineer_tanguy' AIRFLOW_CTX_DAG_ID='etl_books_pipeline' AIRFLOW_CTX_TASK_ID='sql_reader' AIRFLOW_CTX_EXECUTION_DATE='2026-03-30T09:00:00+00:00' AIRFLOW_CTX_TRY_NUMBER='3' AIRFLOW_CTX_DAG_RUN_ID='scheduled__2026-03-30T09:00:00+00:00'
[2026-03-31T09:10:05.054+0000] {taskinstance.py:2698} ERROR - Task failed with exception
Traceback (most recent call last):
  File "/home/airflow/.local/lib/python3.8/site-packages/airflow/models/taskinstance.py", line 433, in _execute_task
    result = execute_callable(context=context, **execute_callable_kwargs)
  File "/home/airflow/.local/lib/python3.8/site-packages/airflow/operators/python.py", line 199, in execute
    return_value = self.execute_callable()
  File "/home/airflow/.local/lib/python3.8/site-packages/airflow/operators/python.py", line 216, in execute_callable
    return self.python_callable(*self.op_args, **self.op_kwargs)
  File "/opt/airflow/dags/etl_pipeline.py", line 32, in run_sql_reader
    subprocess.run(["python3", "/home/hp/projet-data-eng/extractors/sql_reader.py"], check=True)
  File "/usr/local/lib/python3.8/subprocess.py", line 516, in run
    raise CalledProcessError(retcode, process.args,
subprocess.CalledProcessError: Command '['python3', '/home/hp/projet-data-eng/extractors/sql_reader.py']' returned non-zero exit status 2.
[2026-03-31T09:10:05.074+0000] {taskinstance.py:1138} INFO - Marking task as UP_FOR_RETRY. dag_id=etl_books_pipeline, task_id=sql_reader, execution_date=20260330T090000, start_date=20260331T091004, end_date=20260331T091005
[2026-03-31T09:10:05.089+0000] {standard_task_runner.py:107} ERROR - Failed to execute job 134 for task sql_reader (Command '['python3', '/home/hp/projet-data-eng/extractors/sql_reader.py']' returned non-zero exit status 2.; 1907)
[2026-03-31T09:10:05.110+0000] {local_task_job_runner.py:234} INFO - Task exited with return code 1
[2026-03-31T09:10:05.162+0000] {taskinstance.py:3280} INFO - 0 downstream tasks scheduled from follow-on schedule check
