[2026-03-30T07:42:30.203+0000] {taskinstance.py:1956} INFO - Dependencies all met for dep_context=non-requeueable deps ti=<TaskInstance: etl_books_pipeline.sql_reader scheduled__2026-03-28T09:00:00+00:00 [queued]>
[2026-03-30T07:42:30.225+0000] {taskinstance.py:1956} INFO - Dependencies all met for dep_context=requeueable deps ti=<TaskInstance: etl_books_pipeline.sql_reader scheduled__2026-03-28T09:00:00+00:00 [queued]>
[2026-03-30T07:42:30.226+0000] {taskinstance.py:2170} INFO - Starting attempt 4 of 4
[2026-03-30T07:42:30.303+0000] {taskinstance.py:2191} INFO - Executing <Task(PythonOperator): sql_reader> on 2026-03-28 09:00:00+00:00
[2026-03-30T07:42:30.315+0000] {standard_task_runner.py:60} INFO - Started process 349 to run task
[2026-03-30T07:42:30.332+0000] {standard_task_runner.py:87} INFO - Running: ['***', 'tasks', 'run', 'etl_books_pipeline', 'sql_reader', 'scheduled__2026-03-28T09:00:00+00:00', '--job-id', '52', '--raw', '--subdir', 'DAGS_FOLDER/etl_pipeline.py', '--cfg-path', '/tmp/tmpe7ns7agc']
[2026-03-30T07:42:30.340+0000] {standard_task_runner.py:88} INFO - Job 52: Subtask sql_reader
[2026-03-30T07:42:30.508+0000] {task_command.py:423} INFO - Running <TaskInstance: etl_books_pipeline.sql_reader scheduled__2026-03-28T09:00:00+00:00 [running]> on host 1d677be0a8de
[2026-03-30T07:42:30.725+0000] {taskinstance.py:2480} INFO - Exporting env vars: AIRFLOW_CTX_DAG_OWNER='data_engineer_tanguy' AIRFLOW_CTX_DAG_ID='etl_books_pipeline' AIRFLOW_CTX_TASK_ID='sql_reader' AIRFLOW_CTX_EXECUTION_DATE='2026-03-28T09:00:00+00:00' AIRFLOW_CTX_TRY_NUMBER='4' AIRFLOW_CTX_DAG_RUN_ID='scheduled__2026-03-28T09:00:00+00:00'
[2026-03-30T07:42:30.802+0000] {taskinstance.py:2698} ERROR - Task failed with exception
Traceback (most recent call last):
  File "/home/airflow/.local/lib/python3.8/site-packages/airflow/models/taskinstance.py", line 433, in _execute_task
    result = execute_callable(context=context, **execute_callable_kwargs)
  File "/home/airflow/.local/lib/python3.8/site-packages/airflow/operators/python.py", line 199, in execute
    return_value = self.execute_callable()
  File "/home/airflow/.local/lib/python3.8/site-packages/airflow/operators/python.py", line 216, in execute_callable
    return self.python_callable(*self.op_args, **self.op_kwargs)
  File "/opt/airflow/dags/etl_pipeline.py", line 32, in run_sql_reader
    subprocess.run(["python3", "/home/hp/projet-data-eng/extractors/sql_reader.py"], check=True)
  File "/usr/local/lib/python3.8/subprocess.py", line 516, in run
    raise CalledProcessError(retcode, process.args,
subprocess.CalledProcessError: Command '['python3', '/home/hp/projet-data-eng/extractors/sql_reader.py']' returned non-zero exit status 2.
[2026-03-30T07:42:30.835+0000] {taskinstance.py:1138} INFO - Marking task as FAILED. dag_id=etl_books_pipeline, task_id=sql_reader, execution_date=20260328T090000, start_date=20260330T074230, end_date=20260330T074230
[2026-03-30T07:42:30.856+0000] {standard_task_runner.py:107} ERROR - Failed to execute job 52 for task sql_reader (Command '['python3', '/home/hp/projet-data-eng/extractors/sql_reader.py']' returned non-zero exit status 2.; 349)
[2026-03-30T07:42:30.867+0000] {local_task_job_runner.py:234} INFO - Task exited with return code 1
[2026-03-30T07:42:30.921+0000] {taskinstance.py:3280} INFO - 0 downstream tasks scheduled from follow-on schedule check
