[2026-02-24T14:04:19.220+0000] {taskinstance.py:1956} INFO - Dependencies all met for dep_context=non-requeueable deps ti=<TaskInstance: etl_books_pipeline.csv_reader manual__2026-02-24T13:54:13.788007+00:00 [queued]>
[2026-02-24T14:04:19.267+0000] {taskinstance.py:1956} INFO - Dependencies all met for dep_context=requeueable deps ti=<TaskInstance: etl_books_pipeline.csv_reader manual__2026-02-24T13:54:13.788007+00:00 [queued]>
[2026-02-24T14:04:19.268+0000] {taskinstance.py:2170} INFO - Starting attempt 3 of 4
[2026-02-24T14:04:19.320+0000] {taskinstance.py:2191} INFO - Executing <Task(PythonOperator): csv_reader> on 2026-02-24 13:54:13.788007+00:00
[2026-02-24T14:04:19.337+0000] {standard_task_runner.py:60} INFO - Started process 6975 to run task
[2026-02-24T14:04:19.351+0000] {standard_task_runner.py:87} INFO - Running: ['***', 'tasks', 'run', 'etl_books_pipeline', 'csv_reader', 'manual__2026-02-24T13:54:13.788007+00:00', '--job-id', '25', '--raw', '--subdir', 'DAGS_FOLDER/etl_pipeline.py', '--cfg-path', '/tmp/tmpz4wz_dq5']
[2026-02-24T14:04:19.358+0000] {standard_task_runner.py:88} INFO - Job 25: Subtask csv_reader
[2026-02-24T14:04:19.522+0000] {task_command.py:423} INFO - Running <TaskInstance: etl_books_pipeline.csv_reader manual__2026-02-24T13:54:13.788007+00:00 [running]> on host b6063be8d0e5
[2026-02-24T14:04:19.799+0000] {taskinstance.py:2480} INFO - Exporting env vars: AIRFLOW_CTX_DAG_OWNER='data_engineer_tanguy' AIRFLOW_CTX_DAG_ID='etl_books_pipeline' AIRFLOW_CTX_TASK_ID='csv_reader' AIRFLOW_CTX_EXECUTION_DATE='2026-02-24T13:54:13.788007+00:00' AIRFLOW_CTX_TRY_NUMBER='3' AIRFLOW_CTX_DAG_RUN_ID='manual__2026-02-24T13:54:13.788007+00:00'
[2026-02-24T14:04:19.952+0000] {taskinstance.py:2698} ERROR - Task failed with exception
Traceback (most recent call last):
  File "/home/airflow/.local/lib/python3.8/site-packages/airflow/models/taskinstance.py", line 433, in _execute_task
    result = execute_callable(context=context, **execute_callable_kwargs)
  File "/home/airflow/.local/lib/python3.8/site-packages/airflow/operators/python.py", line 199, in execute
    return_value = self.execute_callable()
  File "/home/airflow/.local/lib/python3.8/site-packages/airflow/operators/python.py", line 216, in execute_callable
    return self.python_callable(*self.op_args, **self.op_kwargs)
  File "/opt/airflow/dags/etl_pipeline.py", line 29, in run_csv_reader
    subprocess.run(["python3", "/home/hp/projet-data-eng/extractors/csv_reader.py"], check=True)
  File "/usr/local/lib/python3.8/subprocess.py", line 516, in run
    raise CalledProcessError(retcode, process.args,
subprocess.CalledProcessError: Command '['python3', '/home/hp/projet-data-eng/extractors/csv_reader.py']' returned non-zero exit status 2.
[2026-02-24T14:04:19.994+0000] {taskinstance.py:1138} INFO - Marking task as UP_FOR_RETRY. dag_id=etl_books_pipeline, task_id=csv_reader, execution_date=20260224T135413, start_date=20260224T140419, end_date=20260224T140419
[2026-02-24T14:04:20.031+0000] {standard_task_runner.py:107} ERROR - Failed to execute job 25 for task csv_reader (Command '['python3', '/home/hp/projet-data-eng/extractors/csv_reader.py']' returned non-zero exit status 2.; 6975)
[2026-02-24T14:04:20.055+0000] {local_task_job_runner.py:234} INFO - Task exited with return code 1
[2026-02-24T14:04:20.175+0000] {taskinstance.py:3280} INFO - 0 downstream tasks scheduled from follow-on schedule check
