[2026-03-31T09:10:04.728+0000] {taskinstance.py:1956} INFO - Dependencies all met for dep_context=non-requeueable deps ti=<TaskInstance: etl_books_pipeline.csv_reader scheduled__2026-03-30T09:00:00+00:00 [queued]>
[2026-03-31T09:10:04.740+0000] {taskinstance.py:1956} INFO - Dependencies all met for dep_context=requeueable deps ti=<TaskInstance: etl_books_pipeline.csv_reader scheduled__2026-03-30T09:00:00+00:00 [queued]>
[2026-03-31T09:10:04.740+0000] {taskinstance.py:2170} INFO - Starting attempt 3 of 4
[2026-03-31T09:10:04.758+0000] {taskinstance.py:2191} INFO - Executing <Task(PythonOperator): csv_reader> on 2026-03-30 09:00:00+00:00
[2026-03-31T09:10:04.763+0000] {standard_task_runner.py:60} INFO - Started process 1906 to run task
[2026-03-31T09:10:04.770+0000] {standard_task_runner.py:87} INFO - Running: ['***', 'tasks', 'run', 'etl_books_pipeline', 'csv_reader', 'scheduled__2026-03-30T09:00:00+00:00', '--job-id', '133', '--raw', '--subdir', 'DAGS_FOLDER/etl_pipeline.py', '--cfg-path', '/tmp/tmps2hoh0lu']
[2026-03-31T09:10:04.774+0000] {standard_task_runner.py:88} INFO - Job 133: Subtask csv_reader
[2026-03-31T09:10:04.872+0000] {task_command.py:423} INFO - Running <TaskInstance: etl_books_pipeline.csv_reader scheduled__2026-03-30T09:00:00+00:00 [running]> on host 2b4a22529f6a
[2026-03-31T09:10:05.004+0000] {taskinstance.py:2480} INFO - Exporting env vars: AIRFLOW_CTX_DAG_OWNER='data_engineer_tanguy' AIRFLOW_CTX_DAG_ID='etl_books_pipeline' AIRFLOW_CTX_TASK_ID='csv_reader' AIRFLOW_CTX_EXECUTION_DATE='2026-03-30T09:00:00+00:00' AIRFLOW_CTX_TRY_NUMBER='3' AIRFLOW_CTX_DAG_RUN_ID='scheduled__2026-03-30T09:00:00+00:00'
[2026-03-31T09:10:05.049+0000] {taskinstance.py:2698} ERROR - Task failed with exception
Traceback (most recent call last):
  File "/home/airflow/.local/lib/python3.8/site-packages/airflow/models/taskinstance.py", line 433, in _execute_task
    result = execute_callable(context=context, **execute_callable_kwargs)
  File "/home/airflow/.local/lib/python3.8/site-packages/airflow/operators/python.py", line 199, in execute
    return_value = self.execute_callable()
  File "/home/airflow/.local/lib/python3.8/site-packages/airflow/operators/python.py", line 216, in execute_callable
    return self.python_callable(*self.op_args, **self.op_kwargs)
  File "/opt/airflow/dags/etl_pipeline.py", line 29, in run_csv_reader
    subprocess.run(["python3", "/home/hp/projet-data-eng/extractors/csv_reader.py"], check=True)
  File "/usr/local/lib/python3.8/subprocess.py", line 516, in run
    raise CalledProcessError(retcode, process.args,
subprocess.CalledProcessError: Command '['python3', '/home/hp/projet-data-eng/extractors/csv_reader.py']' returned non-zero exit status 2.
[2026-03-31T09:10:05.068+0000] {taskinstance.py:1138} INFO - Marking task as UP_FOR_RETRY. dag_id=etl_books_pipeline, task_id=csv_reader, execution_date=20260330T090000, start_date=20260331T091004, end_date=20260331T091005
[2026-03-31T09:10:05.085+0000] {standard_task_runner.py:107} ERROR - Failed to execute job 133 for task csv_reader (Command '['python3', '/home/hp/projet-data-eng/extractors/csv_reader.py']' returned non-zero exit status 2.; 1906)
[2026-03-31T09:10:05.105+0000] {local_task_job_runner.py:234} INFO - Task exited with return code 1
[2026-03-31T09:10:05.140+0000] {taskinstance.py:3280} INFO - 0 downstream tasks scheduled from follow-on schedule check
