[2026-02-24T14:09:20.450+0000] {taskinstance.py:1956} INFO - Dependencies all met for dep_context=non-requeueable deps ti=<TaskInstance: etl_books_pipeline.sql_reader manual__2026-02-24T13:54:13.788007+00:00 [queued]>
[2026-02-24T14:09:20.469+0000] {taskinstance.py:1956} INFO - Dependencies all met for dep_context=requeueable deps ti=<TaskInstance: etl_books_pipeline.sql_reader manual__2026-02-24T13:54:13.788007+00:00 [queued]>
[2026-02-24T14:09:20.470+0000] {taskinstance.py:2170} INFO - Starting attempt 4 of 4
[2026-02-24T14:09:20.511+0000] {taskinstance.py:2191} INFO - Executing <Task(PythonOperator): sql_reader> on 2026-02-24 13:54:13.788007+00:00
[2026-02-24T14:09:20.535+0000] {standard_task_runner.py:60} INFO - Started process 7033 to run task
[2026-02-24T14:09:20.547+0000] {standard_task_runner.py:87} INFO - Running: ['***', 'tasks', 'run', 'etl_books_pipeline', 'sql_reader', 'manual__2026-02-24T13:54:13.788007+00:00', '--job-id', '27', '--raw', '--subdir', 'DAGS_FOLDER/etl_pipeline.py', '--cfg-path', '/tmp/tmpoctkklhv']
[2026-02-24T14:09:20.553+0000] {standard_task_runner.py:88} INFO - Job 27: Subtask sql_reader
[2026-02-24T14:09:20.703+0000] {task_command.py:423} INFO - Running <TaskInstance: etl_books_pipeline.sql_reader manual__2026-02-24T13:54:13.788007+00:00 [running]> on host b6063be8d0e5
[2026-02-24T14:09:20.914+0000] {taskinstance.py:2480} INFO - Exporting env vars: AIRFLOW_CTX_DAG_OWNER='data_engineer_tanguy' AIRFLOW_CTX_DAG_ID='etl_books_pipeline' AIRFLOW_CTX_TASK_ID='sql_reader' AIRFLOW_CTX_EXECUTION_DATE='2026-02-24T13:54:13.788007+00:00' AIRFLOW_CTX_TRY_NUMBER='4' AIRFLOW_CTX_DAG_RUN_ID='manual__2026-02-24T13:54:13.788007+00:00'
[2026-02-24T14:09:20.987+0000] {taskinstance.py:2698} ERROR - Task failed with exception
Traceback (most recent call last):
  File "/home/airflow/.local/lib/python3.8/site-packages/airflow/models/taskinstance.py", line 433, in _execute_task
    result = execute_callable(context=context, **execute_callable_kwargs)
  File "/home/airflow/.local/lib/python3.8/site-packages/airflow/operators/python.py", line 199, in execute
    return_value = self.execute_callable()
  File "/home/airflow/.local/lib/python3.8/site-packages/airflow/operators/python.py", line 216, in execute_callable
    return self.python_callable(*self.op_args, **self.op_kwargs)
  File "/opt/airflow/dags/etl_pipeline.py", line 32, in run_sql_reader
    subprocess.run(["python3", "/home/hp/projet-data-eng/extractors/sql_reader.py"], check=True)
  File "/usr/local/lib/python3.8/subprocess.py", line 516, in run
    raise CalledProcessError(retcode, process.args,
subprocess.CalledProcessError: Command '['python3', '/home/hp/projet-data-eng/extractors/sql_reader.py']' returned non-zero exit status 2.
[2026-02-24T14:09:21.023+0000] {taskinstance.py:1138} INFO - Marking task as FAILED. dag_id=etl_books_pipeline, task_id=sql_reader, execution_date=20260224T135413, start_date=20260224T140920, end_date=20260224T140921
[2026-02-24T14:09:21.053+0000] {standard_task_runner.py:107} ERROR - Failed to execute job 27 for task sql_reader (Command '['python3', '/home/hp/projet-data-eng/extractors/sql_reader.py']' returned non-zero exit status 2.; 7033)
[2026-02-24T14:09:21.078+0000] {local_task_job_runner.py:234} INFO - Task exited with return code 1
[2026-02-24T14:09:21.143+0000] {taskinstance.py:3280} INFO - 0 downstream tasks scheduled from follow-on schedule check
